2025-10-05T20:50:44.366-05:00  INFO 22420 --- [examenuni1_rodriguez] [main] c.e.e.Examenuni1RodriguezApplication     : Starting Examenuni1RodriguezApplication using Java 21.0.7 with PID 22420 (C:\Users\Usuario\Downloads\examenuni1_rodriguez\examenuni1_rodriguez\target\classes started by Usuario in C:\Users\Usuario\Downloads\examenuni1_rodriguez\examenuni1_rodriguez)
2025-10-05T20:50:44.427-05:00  INFO 22420 --- [examenuni1_rodriguez] [main] c.e.e.Examenuni1RodriguezApplication     : No active profile set, falling back to 1 default profile: "default"
2025-10-05T20:50:54.274-05:00  INFO 22420 --- [examenuni1_rodriguez] [main] .s.d.r.c.RepositoryConfigurationDelegate : Bootstrapping Spring Data JPA repositories in DEFAULT mode.
2025-10-05T20:50:55.402-05:00  INFO 22420 --- [examenuni1_rodriguez] [main] .s.d.r.c.RepositoryConfigurationDelegate : Finished Spring Data repository scanning in 1021 ms. Found 4 JPA repository interfaces.
2025-10-05T20:50:59.069-05:00  INFO 22420 --- [examenuni1_rodriguez] [main] o.s.b.w.embedded.tomcat.TomcatWebServer  : Tomcat initialized with port 9090 (http)
2025-10-05T20:50:59.122-05:00  INFO 22420 --- [examenuni1_rodriguez] [main] o.apache.catalina.core.StandardService   : Starting service [Tomcat]
2025-10-05T20:50:59.127-05:00  INFO 22420 --- [examenuni1_rodriguez] [main] o.apache.catalina.core.StandardEngine    : Starting Servlet engine: [Apache Tomcat/10.1.46]
2025-10-05T20:50:59.410-05:00  INFO 22420 --- [examenuni1_rodriguez] [main] o.a.c.c.C.[Tomcat].[localhost].[/]       : Initializing Spring embedded WebApplicationContext
2025-10-05T20:50:59.466-05:00  INFO 22420 --- [examenuni1_rodriguez] [main] w.s.c.ServletWebServerApplicationContext : Root WebApplicationContext: initialization completed in 14438 ms
2025-10-05T20:51:00.384-05:00  INFO 22420 --- [examenuni1_rodriguez] [main] o.hibernate.jpa.internal.util.LogHelper  : HHH000204: Processing PersistenceUnitInfo [name: default]
2025-10-05T20:51:00.731-05:00  INFO 22420 --- [examenuni1_rodriguez] [main] org.hibernate.Version                    : HHH000412: Hibernate ORM core version 6.6.29.Final
2025-10-05T20:51:00.896-05:00  INFO 22420 --- [examenuni1_rodriguez] [main] o.h.c.internal.RegionFactoryInitiator    : HHH000026: Second-level cache disabled
2025-10-05T20:51:01.951-05:00  INFO 22420 --- [examenuni1_rodriguez] [main] o.s.o.j.p.SpringPersistenceUnitInfo      : No LoadTimeWeaver setup: ignoring JPA class transformer
2025-10-05T20:51:02.057-05:00  INFO 22420 --- [examenuni1_rodriguez] [main] com.zaxxer.hikari.HikariDataSource       : HikariPool-1 - Starting...
2025-10-05T20:51:03.398-05:00  INFO 22420 --- [examenuni1_rodriguez] [main] com.zaxxer.hikari.pool.HikariPool        : HikariPool-1 - Added connection oracle.jdbc.driver.T4CConnection@52657d5f
2025-10-05T20:51:03.401-05:00  INFO 22420 --- [examenuni1_rodriguez] [main] com.zaxxer.hikari.HikariDataSource       : HikariPool-1 - Start completed.
2025-10-05T20:51:04.437-05:00  INFO 22420 --- [examenuni1_rodriguez] [main] org.hibernate.orm.connections.pooling    : HHH10001005: Database info:
	Database JDBC URL [Connecting through datasource 'HikariDataSource (HikariPool-1)']
	Database driver: undefined/unknown
	Database version: 21.3
	Autocommit mode: undefined/unknown
	Isolation level: undefined/unknown
	Minimum pool size: undefined/unknown
	Maximum pool size: undefined/unknown
2025-10-05T20:51:06.722-05:00  INFO 22420 --- [examenuni1_rodriguez] [main] o.h.e.t.j.p.i.JtaPlatformInitiator       : HHH000489: No JTA platform available (set 'hibernate.transaction.jta.platform' to enable JTA platform integration)
2025-10-05T20:51:09.102-05:00  INFO 22420 --- [examenuni1_rodriguez] [main] j.LocalContainerEntityManagerFactoryBean : Initialized JPA EntityManagerFactory for persistence unit 'default'
2025-10-05T20:51:10.561-05:00  INFO 22420 --- [examenuni1_rodriguez] [main] o.s.b.w.embedded.tomcat.TomcatWebServer  : Tomcat started on port 9090 (http) with context path '/'
2025-10-05T20:51:10.574-05:00  INFO 22420 --- [examenuni1_rodriguez] [main] c.e.e.Examenuni1RodriguezApplication     : Started Examenuni1RodriguezApplication in 29.383 seconds (process running for 33.687)
2025-10-05T20:51:17.638-05:00  INFO 22420 --- [examenuni1_rodriguez] [SpringApplicationShutdownHook] o.s.b.w.e.tomcat.GracefulShutdown        : Commencing graceful shutdown. Waiting for active requests to complete
2025-10-05T20:51:17.648-05:00  INFO 22420 --- [examenuni1_rodriguez] [tomcat-shutdown] o.s.b.w.e.tomcat.GracefulShutdown        : Graceful shutdown complete
2025-10-05T20:51:17.655-05:00  INFO 22420 --- [examenuni1_rodriguez] [SpringApplicationShutdownHook] j.LocalContainerEntityManagerFactoryBean : Closing JPA EntityManagerFactory for persistence unit 'default'
2025-10-05T20:51:17.658-05:00  INFO 22420 --- [examenuni1_rodriguez] [SpringApplicationShutdownHook] com.zaxxer.hikari.HikariDataSource       : HikariPool-1 - Shutdown initiated...
2025-10-05T20:51:17.694-05:00  INFO 22420 --- [examenuni1_rodriguez] [SpringApplicationShutdownHook] com.zaxxer.hikari.HikariDataSource       : HikariPool-1 - Shutdown completed.
2025-10-05T20:51:31.181-05:00  INFO 5224 --- [examenuni1_rodriguez] [main] c.e.e.Examenuni1RodriguezApplication     : Starting Examenuni1RodriguezApplication using Java 21.0.7 with PID 5224 (C:\Users\Usuario\Downloads\examenuni1_rodriguez\examenuni1_rodriguez\target\classes started by Usuario in C:\Users\Usuario\Downloads\examenuni1_rodriguez\examenuni1_rodriguez)
2025-10-05T20:51:31.186-05:00  INFO 5224 --- [examenuni1_rodriguez] [main] c.e.e.Examenuni1RodriguezApplication     : No active profile set, falling back to 1 default profile: "default"
2025-10-05T20:51:32.791-05:00  INFO 5224 --- [examenuni1_rodriguez] [main] .s.d.r.c.RepositoryConfigurationDelegate : Bootstrapping Spring Data JPA repositories in DEFAULT mode.
2025-10-05T20:51:32.971-05:00  INFO 5224 --- [examenuni1_rodriguez] [main] .s.d.r.c.RepositoryConfigurationDelegate : Finished Spring Data repository scanning in 163 ms. Found 4 JPA repository interfaces.
2025-10-05T20:51:33.628-05:00  INFO 5224 --- [examenuni1_rodriguez] [main] o.s.b.w.embedded.tomcat.TomcatWebServer  : Tomcat initialized with port 9090 (http)
2025-10-05T20:51:33.649-05:00  INFO 5224 --- [examenuni1_rodriguez] [main] o.apache.catalina.core.StandardService   : Starting service [Tomcat]
2025-10-05T20:51:33.650-05:00  INFO 5224 --- [examenuni1_rodriguez] [main] o.apache.catalina.core.StandardEngine    : Starting Servlet engine: [Apache Tomcat/10.1.46]
2025-10-05T20:51:33.733-05:00  INFO 5224 --- [examenuni1_rodriguez] [main] o.a.c.c.C.[Tomcat].[localhost].[/]       : Initializing Spring embedded WebApplicationContext
2025-10-05T20:51:33.735-05:00  INFO 5224 --- [examenuni1_rodriguez] [main] w.s.c.ServletWebServerApplicationContext : Root WebApplicationContext: initialization completed in 2445 ms
2025-10-05T20:51:34.082-05:00  INFO 5224 --- [examenuni1_rodriguez] [main] o.hibernate.jpa.internal.util.LogHelper  : HHH000204: Processing PersistenceUnitInfo [name: default]
2025-10-05T20:51:34.179-05:00  INFO 5224 --- [examenuni1_rodriguez] [main] org.hibernate.Version                    : HHH000412: Hibernate ORM core version 6.6.29.Final
2025-10-05T20:51:34.224-05:00  INFO 5224 --- [examenuni1_rodriguez] [main] o.h.c.internal.RegionFactoryInitiator    : HHH000026: Second-level cache disabled
2025-10-05T20:51:34.686-05:00  INFO 5224 --- [examenuni1_rodriguez] [main] o.s.o.j.p.SpringPersistenceUnitInfo      : No LoadTimeWeaver setup: ignoring JPA class transformer
2025-10-05T20:51:34.738-05:00  INFO 5224 --- [examenuni1_rodriguez] [main] com.zaxxer.hikari.HikariDataSource       : HikariPool-1 - Starting...
2025-10-05T20:51:35.382-05:00  INFO 5224 --- [examenuni1_rodriguez] [main] com.zaxxer.hikari.pool.HikariPool        : HikariPool-1 - Added connection oracle.jdbc.driver.T4CConnection@6b9a1205
2025-10-05T20:51:35.386-05:00  INFO 5224 --- [examenuni1_rodriguez] [main] com.zaxxer.hikari.HikariDataSource       : HikariPool-1 - Start completed.
2025-10-05T20:51:35.832-05:00  INFO 5224 --- [examenuni1_rodriguez] [main] org.hibernate.orm.connections.pooling    : HHH10001005: Database info:
	Database JDBC URL [Connecting through datasource 'HikariDataSource (HikariPool-1)']
	Database driver: undefined/unknown
	Database version: 21.3
	Autocommit mode: undefined/unknown
	Isolation level: undefined/unknown
	Minimum pool size: undefined/unknown
	Maximum pool size: undefined/unknown
2025-10-05T20:51:37.426-05:00  INFO 5224 --- [examenuni1_rodriguez] [main] o.h.e.t.j.p.i.JtaPlatformInitiator       : HHH000489: No JTA platform available (set 'hibernate.transaction.jta.platform' to enable JTA platform integration)
2025-10-05T20:51:39.195-05:00  INFO 5224 --- [examenuni1_rodriguez] [main] j.LocalContainerEntityManagerFactoryBean : Initialized JPA EntityManagerFactory for persistence unit 'default'
2025-10-05T20:51:40.278-05:00  INFO 5224 --- [examenuni1_rodriguez] [main] o.s.b.w.embedded.tomcat.TomcatWebServer  : Tomcat started on port 9090 (http) with context path '/'
2025-10-05T20:51:40.290-05:00  INFO 5224 --- [examenuni1_rodriguez] [main] c.e.e.Examenuni1RodriguezApplication     : Started Examenuni1RodriguezApplication in 10.153 seconds (process running for 12.126)
2025-10-05T20:51:48.062-05:00  INFO 5224 --- [examenuni1_rodriguez] [http-nio-9090-exec-1] o.a.c.c.C.[Tomcat].[localhost].[/]       : Initializing Spring DispatcherServlet 'dispatcherServlet'
2025-10-05T20:51:48.064-05:00  INFO 5224 --- [examenuni1_rodriguez] [http-nio-9090-exec-1] o.s.web.servlet.DispatcherServlet        : Initializing Servlet 'dispatcherServlet'
2025-10-05T20:51:48.067-05:00  INFO 5224 --- [examenuni1_rodriguez] [http-nio-9090-exec-1] o.s.web.servlet.DispatcherServlet        : Completed initialization in 2 ms
2025-10-05T20:57:12.104-05:00  INFO 5224 --- [examenuni1_rodriguez] [SpringApplicationShutdownHook] o.s.b.w.e.tomcat.GracefulShutdown        : Commencing graceful shutdown. Waiting for active requests to complete
2025-10-05T20:57:12.118-05:00  INFO 5224 --- [examenuni1_rodriguez] [tomcat-shutdown] o.s.b.w.e.tomcat.GracefulShutdown        : Graceful shutdown complete
2025-10-05T20:57:12.127-05:00  INFO 5224 --- [examenuni1_rodriguez] [SpringApplicationShutdownHook] j.LocalContainerEntityManagerFactoryBean : Closing JPA EntityManagerFactory for persistence unit 'default'
2025-10-05T20:57:12.132-05:00  INFO 5224 --- [examenuni1_rodriguez] [SpringApplicationShutdownHook] com.zaxxer.hikari.HikariDataSource       : HikariPool-1 - Shutdown initiated...
2025-10-05T20:57:12.160-05:00  INFO 5224 --- [examenuni1_rodriguez] [SpringApplicationShutdownHook] com.zaxxer.hikari.HikariDataSource       : HikariPool-1 - Shutdown completed.
2025-10-05T20:57:22.782-05:00  INFO 17656 --- [examenuni1_rodriguez] [main] c.e.e.Examenuni1RodriguezApplication     : Starting Examenuni1RodriguezApplication using Java 21.0.7 with PID 17656 (C:\Users\Usuario\Downloads\examenuni1_rodriguez\examenuni1_rodriguez\target\classes started by Usuario in C:\Users\Usuario\Downloads\examenuni1_rodriguez\examenuni1_rodriguez)
2025-10-05T20:57:22.789-05:00  INFO 17656 --- [examenuni1_rodriguez] [main] c.e.e.Examenuni1RodriguezApplication     : No active profile set, falling back to 1 default profile: "default"
2025-10-05T20:57:24.638-05:00  INFO 17656 --- [examenuni1_rodriguez] [main] .s.d.r.c.RepositoryConfigurationDelegate : Bootstrapping Spring Data JPA repositories in DEFAULT mode.
2025-10-05T20:57:24.789-05:00  INFO 17656 --- [examenuni1_rodriguez] [main] .s.d.r.c.RepositoryConfigurationDelegate : Finished Spring Data repository scanning in 136 ms. Found 4 JPA repository interfaces.
2025-10-05T20:57:25.496-05:00  INFO 17656 --- [examenuni1_rodriguez] [main] o.s.b.w.embedded.tomcat.TomcatWebServer  : Tomcat initialized with port 9090 (http)
2025-10-05T20:57:25.517-05:00  INFO 17656 --- [examenuni1_rodriguez] [main] o.apache.catalina.core.StandardService   : Starting service [Tomcat]
2025-10-05T20:57:25.518-05:00  INFO 17656 --- [examenuni1_rodriguez] [main] o.apache.catalina.core.StandardEngine    : Starting Servlet engine: [Apache Tomcat/10.1.46]
2025-10-05T20:57:25.613-05:00  INFO 17656 --- [examenuni1_rodriguez] [main] o.a.c.c.C.[Tomcat].[localhost].[/]       : Initializing Spring embedded WebApplicationContext
2025-10-05T20:57:25.614-05:00  INFO 17656 --- [examenuni1_rodriguez] [main] w.s.c.ServletWebServerApplicationContext : Root WebApplicationContext: initialization completed in 2710 ms
2025-10-05T20:57:25.922-05:00  INFO 17656 --- [examenuni1_rodriguez] [main] o.hibernate.jpa.internal.util.LogHelper  : HHH000204: Processing PersistenceUnitInfo [name: default]
2025-10-05T20:57:26.015-05:00  INFO 17656 --- [examenuni1_rodriguez] [main] org.hibernate.Version                    : HHH000412: Hibernate ORM core version 6.6.29.Final
2025-10-05T20:57:26.069-05:00  INFO 17656 --- [examenuni1_rodriguez] [main] o.h.c.internal.RegionFactoryInitiator    : HHH000026: Second-level cache disabled
2025-10-05T20:57:26.469-05:00  INFO 17656 --- [examenuni1_rodriguez] [main] o.s.o.j.p.SpringPersistenceUnitInfo      : No LoadTimeWeaver setup: ignoring JPA class transformer
2025-10-05T20:57:26.534-05:00  INFO 17656 --- [examenuni1_rodriguez] [main] com.zaxxer.hikari.HikariDataSource       : HikariPool-1 - Starting...
2025-10-05T20:57:27.393-05:00  INFO 17656 --- [examenuni1_rodriguez] [main] com.zaxxer.hikari.pool.HikariPool        : HikariPool-1 - Added connection oracle.jdbc.driver.T4CConnection@298e002d
2025-10-05T20:57:27.394-05:00  INFO 17656 --- [examenuni1_rodriguez] [main] com.zaxxer.hikari.HikariDataSource       : HikariPool-1 - Start completed.
2025-10-05T20:57:27.754-05:00  INFO 17656 --- [examenuni1_rodriguez] [main] org.hibernate.orm.connections.pooling    : HHH10001005: Database info:
	Database JDBC URL [Connecting through datasource 'HikariDataSource (HikariPool-1)']
	Database driver: undefined/unknown
	Database version: 21.3
	Autocommit mode: undefined/unknown
	Isolation level: undefined/unknown
	Minimum pool size: undefined/unknown
	Maximum pool size: undefined/unknown
2025-10-05T20:57:29.333-05:00  INFO 17656 --- [examenuni1_rodriguez] [main] o.h.e.t.j.p.i.JtaPlatformInitiator       : HHH000489: No JTA platform available (set 'hibernate.transaction.jta.platform' to enable JTA platform integration)
2025-10-05T20:57:29.621-05:00  INFO 17656 --- [examenuni1_rodriguez] [main] j.LocalContainerEntityManagerFactoryBean : Initialized JPA EntityManagerFactory for persistence unit 'default'
2025-10-05T20:57:31.288-05:00  INFO 17656 --- [examenuni1_rodriguez] [main] o.s.b.w.embedded.tomcat.TomcatWebServer  : Tomcat started on port 9090 (http) with context path '/'
2025-10-05T20:57:31.297-05:00  INFO 17656 --- [examenuni1_rodriguez] [main] c.e.e.Examenuni1RodriguezApplication     : Started Examenuni1RodriguezApplication in 9.963 seconds (process running for 11.659)
2025-10-05T20:57:37.634-05:00  INFO 17656 --- [examenuni1_rodriguez] [http-nio-9090-exec-1] o.a.c.c.C.[Tomcat].[localhost].[/]       : Initializing Spring DispatcherServlet 'dispatcherServlet'
2025-10-05T20:57:37.635-05:00  INFO 17656 --- [examenuni1_rodriguez] [http-nio-9090-exec-1] o.s.web.servlet.DispatcherServlet        : Initializing Servlet 'dispatcherServlet'
2025-10-05T20:57:37.637-05:00  INFO 17656 --- [examenuni1_rodriguez] [http-nio-9090-exec-1] o.s.web.servlet.DispatcherServlet        : Completed initialization in 2 ms
2025-10-05T21:03:51.974-05:00  INFO 17656 --- [examenuni1_rodriguez] [SpringApplicationShutdownHook] o.s.b.w.e.tomcat.GracefulShutdown        : Commencing graceful shutdown. Waiting for active requests to complete
2025-10-05T21:03:51.986-05:00  INFO 17656 --- [examenuni1_rodriguez] [tomcat-shutdown] o.s.b.w.e.tomcat.GracefulShutdown        : Graceful shutdown complete
2025-10-05T21:03:51.991-05:00  INFO 17656 --- [examenuni1_rodriguez] [SpringApplicationShutdownHook] j.LocalContainerEntityManagerFactoryBean : Closing JPA EntityManagerFactory for persistence unit 'default'
2025-10-05T21:03:51.995-05:00  INFO 17656 --- [examenuni1_rodriguez] [SpringApplicationShutdownHook] com.zaxxer.hikari.HikariDataSource       : HikariPool-1 - Shutdown initiated...
2025-10-05T21:03:52.008-05:00  INFO 17656 --- [examenuni1_rodriguez] [SpringApplicationShutdownHook] com.zaxxer.hikari.HikariDataSource       : HikariPool-1 - Shutdown completed.
2025-10-05T21:05:24.973-05:00  INFO 9288 --- [examenuni1_rodriguez] [main] c.e.e.Examenuni1RodriguezApplication     : Starting Examenuni1RodriguezApplication using Java 21.0.7 with PID 9288 (C:\Users\Usuario\Downloads\examenuni1_rodriguez\examenuni1_rodriguez\target\classes started by Usuario in C:\Users\Usuario\Downloads\examenuni1_rodriguez\examenuni1_rodriguez)
2025-10-05T21:05:24.978-05:00  INFO 9288 --- [examenuni1_rodriguez] [main] c.e.e.Examenuni1RodriguezApplication     : No active profile set, falling back to 1 default profile: "default"
2025-10-05T21:05:26.482-05:00  INFO 9288 --- [examenuni1_rodriguez] [main] .s.d.r.c.RepositoryConfigurationDelegate : Bootstrapping Spring Data JPA repositories in DEFAULT mode.
2025-10-05T21:05:26.634-05:00  INFO 9288 --- [examenuni1_rodriguez] [main] .s.d.r.c.RepositoryConfigurationDelegate : Finished Spring Data repository scanning in 135 ms. Found 4 JPA repository interfaces.
2025-10-05T21:05:27.330-05:00  INFO 9288 --- [examenuni1_rodriguez] [main] o.s.b.w.embedded.tomcat.TomcatWebServer  : Tomcat initialized with port 9090 (http)
2025-10-05T21:05:27.355-05:00  INFO 9288 --- [examenuni1_rodriguez] [main] o.apache.catalina.core.StandardService   : Starting service [Tomcat]
2025-10-05T21:05:27.356-05:00  INFO 9288 --- [examenuni1_rodriguez] [main] o.apache.catalina.core.StandardEngine    : Starting Servlet engine: [Apache Tomcat/10.1.46]
2025-10-05T21:05:27.457-05:00  INFO 9288 --- [examenuni1_rodriguez] [main] o.a.c.c.C.[Tomcat].[localhost].[/]       : Initializing Spring embedded WebApplicationContext
2025-10-05T21:05:27.458-05:00  INFO 9288 --- [examenuni1_rodriguez] [main] w.s.c.ServletWebServerApplicationContext : Root WebApplicationContext: initialization completed in 2402 ms
2025-10-05T21:05:27.847-05:00  INFO 9288 --- [examenuni1_rodriguez] [main] o.hibernate.jpa.internal.util.LogHelper  : HHH000204: Processing PersistenceUnitInfo [name: default]
2025-10-05T21:05:27.953-05:00  INFO 9288 --- [examenuni1_rodriguez] [main] org.hibernate.Version                    : HHH000412: Hibernate ORM core version 6.6.29.Final
2025-10-05T21:05:28.032-05:00  INFO 9288 --- [examenuni1_rodriguez] [main] o.h.c.internal.RegionFactoryInitiator    : HHH000026: Second-level cache disabled
2025-10-05T21:05:28.496-05:00  INFO 9288 --- [examenuni1_rodriguez] [main] o.s.o.j.p.SpringPersistenceUnitInfo      : No LoadTimeWeaver setup: ignoring JPA class transformer
2025-10-05T21:05:28.541-05:00  INFO 9288 --- [examenuni1_rodriguez] [main] com.zaxxer.hikari.HikariDataSource       : HikariPool-1 - Starting...
2025-10-05T21:05:29.222-05:00  INFO 9288 --- [examenuni1_rodriguez] [main] com.zaxxer.hikari.pool.HikariPool        : HikariPool-1 - Added connection oracle.jdbc.driver.T4CConnection@57b1ec84
2025-10-05T21:05:29.226-05:00  INFO 9288 --- [examenuni1_rodriguez] [main] com.zaxxer.hikari.HikariDataSource       : HikariPool-1 - Start completed.
2025-10-05T21:05:29.613-05:00  INFO 9288 --- [examenuni1_rodriguez] [main] org.hibernate.orm.connections.pooling    : HHH10001005: Database info:
	Database JDBC URL [Connecting through datasource 'HikariDataSource (HikariPool-1)']
	Database driver: undefined/unknown
	Database version: 21.3
	Autocommit mode: undefined/unknown
	Isolation level: undefined/unknown
	Minimum pool size: undefined/unknown
	Maximum pool size: undefined/unknown
2025-10-05T21:05:31.047-05:00  INFO 9288 --- [examenuni1_rodriguez] [main] o.h.e.t.j.p.i.JtaPlatformInitiator       : HHH000489: No JTA platform available (set 'hibernate.transaction.jta.platform' to enable JTA platform integration)
2025-10-05T21:05:31.315-05:00  INFO 9288 --- [examenuni1_rodriguez] [main] j.LocalContainerEntityManagerFactoryBean : Initialized JPA EntityManagerFactory for persistence unit 'default'
2025-10-05T21:05:32.524-05:00  INFO 9288 --- [examenuni1_rodriguez] [main] o.s.b.w.embedded.tomcat.TomcatWebServer  : Tomcat started on port 9090 (http) with context path '/'
2025-10-05T21:05:32.534-05:00  INFO 9288 --- [examenuni1_rodriguez] [main] c.e.e.Examenuni1RodriguezApplication     : Started Examenuni1RodriguezApplication in 8.661 seconds (process running for 10.071)
2025-10-05T21:05:53.917-05:00  INFO 9288 --- [examenuni1_rodriguez] [http-nio-9090-exec-1] o.a.c.c.C.[Tomcat].[localhost].[/]       : Initializing Spring DispatcherServlet 'dispatcherServlet'
2025-10-05T21:05:53.917-05:00  INFO 9288 --- [examenuni1_rodriguez] [http-nio-9090-exec-1] o.s.web.servlet.DispatcherServlet        : Initializing Servlet 'dispatcherServlet'
2025-10-05T21:05:53.919-05:00  INFO 9288 --- [examenuni1_rodriguez] [http-nio-9090-exec-1] o.s.web.servlet.DispatcherServlet        : Completed initialization in 1 ms
2025-10-05T21:06:59.443-05:00  INFO 9288 --- [examenuni1_rodriguez] [SpringApplicationShutdownHook] o.s.b.w.e.tomcat.GracefulShutdown        : Commencing graceful shutdown. Waiting for active requests to complete
2025-10-05T21:06:59.465-05:00  INFO 9288 --- [examenuni1_rodriguez] [tomcat-shutdown] o.s.b.w.e.tomcat.GracefulShutdown        : Graceful shutdown complete
2025-10-05T21:06:59.494-05:00  INFO 9288 --- [examenuni1_rodriguez] [SpringApplicationShutdownHook] j.LocalContainerEntityManagerFactoryBean : Closing JPA EntityManagerFactory for persistence unit 'default'
2025-10-05T21:06:59.498-05:00  INFO 9288 --- [examenuni1_rodriguez] [SpringApplicationShutdownHook] com.zaxxer.hikari.HikariDataSource       : HikariPool-1 - Shutdown initiated...
2025-10-05T21:06:59.731-05:00  INFO 9288 --- [examenuni1_rodriguez] [SpringApplicationShutdownHook] com.zaxxer.hikari.HikariDataSource       : HikariPool-1 - Shutdown completed.
2025-10-05T21:07:08.284-05:00  INFO 21672 --- [examenuni1_rodriguez] [main] c.e.e.Examenuni1RodriguezApplication     : Starting Examenuni1RodriguezApplication using Java 21.0.7 with PID 21672 (C:\Users\Usuario\Downloads\examenuni1_rodriguez\examenuni1_rodriguez\target\classes started by Usuario in C:\Users\Usuario\Downloads\examenuni1_rodriguez\examenuni1_rodriguez)
2025-10-05T21:07:08.289-05:00  INFO 21672 --- [examenuni1_rodriguez] [main] c.e.e.Examenuni1RodriguezApplication     : No active profile set, falling back to 1 default profile: "default"
2025-10-05T21:07:10.784-05:00  INFO 21672 --- [examenuni1_rodriguez] [main] .s.d.r.c.RepositoryConfigurationDelegate : Bootstrapping Spring Data JPA repositories in DEFAULT mode.
2025-10-05T21:07:10.982-05:00  INFO 21672 --- [examenuni1_rodriguez] [main] .s.d.r.c.RepositoryConfigurationDelegate : Finished Spring Data repository scanning in 177 ms. Found 4 JPA repository interfaces.
2025-10-05T21:07:11.963-05:00  INFO 21672 --- [examenuni1_rodriguez] [main] o.s.b.w.embedded.tomcat.TomcatWebServer  : Tomcat initialized with port 9090 (http)
2025-10-05T21:07:11.998-05:00  INFO 21672 --- [examenuni1_rodriguez] [main] o.apache.catalina.core.StandardService   : Starting service [Tomcat]
2025-10-05T21:07:11.999-05:00  INFO 21672 --- [examenuni1_rodriguez] [main] o.apache.catalina.core.StandardEngine    : Starting Servlet engine: [Apache Tomcat/10.1.46]
2025-10-05T21:07:12.118-05:00  INFO 21672 --- [examenuni1_rodriguez] [main] o.a.c.c.C.[Tomcat].[localhost].[/]       : Initializing Spring embedded WebApplicationContext
2025-10-05T21:07:12.119-05:00  INFO 21672 --- [examenuni1_rodriguez] [main] w.s.c.ServletWebServerApplicationContext : Root WebApplicationContext: initialization completed in 3739 ms
2025-10-05T21:07:12.577-05:00  INFO 21672 --- [examenuni1_rodriguez] [main] o.hibernate.jpa.internal.util.LogHelper  : HHH000204: Processing PersistenceUnitInfo [name: default]
2025-10-05T21:07:12.701-05:00  INFO 21672 --- [examenuni1_rodriguez] [main] org.hibernate.Version                    : HHH000412: Hibernate ORM core version 6.6.29.Final
2025-10-05T21:07:12.772-05:00  INFO 21672 --- [examenuni1_rodriguez] [main] o.h.c.internal.RegionFactoryInitiator    : HHH000026: Second-level cache disabled
2025-10-05T21:07:13.345-05:00  INFO 21672 --- [examenuni1_rodriguez] [main] o.s.o.j.p.SpringPersistenceUnitInfo      : No LoadTimeWeaver setup: ignoring JPA class transformer
2025-10-05T21:07:13.405-05:00  INFO 21672 --- [examenuni1_rodriguez] [main] com.zaxxer.hikari.HikariDataSource       : HikariPool-1 - Starting...
2025-10-05T21:07:14.748-05:00  INFO 21672 --- [examenuni1_rodriguez] [main] com.zaxxer.hikari.pool.HikariPool        : HikariPool-1 - Added connection oracle.jdbc.driver.T4CConnection@19d27c27
2025-10-05T21:07:14.751-05:00  INFO 21672 --- [examenuni1_rodriguez] [main] com.zaxxer.hikari.HikariDataSource       : HikariPool-1 - Start completed.
2025-10-05T21:07:15.344-05:00  INFO 21672 --- [examenuni1_rodriguez] [main] org.hibernate.orm.connections.pooling    : HHH10001005: Database info:
	Database JDBC URL [Connecting through datasource 'HikariDataSource (HikariPool-1)']
	Database driver: undefined/unknown
	Database version: 21.3
	Autocommit mode: undefined/unknown
	Isolation level: undefined/unknown
	Minimum pool size: undefined/unknown
	Maximum pool size: undefined/unknown
2025-10-05T21:07:17.376-05:00  INFO 21672 --- [examenuni1_rodriguez] [main] o.h.e.t.j.p.i.JtaPlatformInitiator       : HHH000489: No JTA platform available (set 'hibernate.transaction.jta.platform' to enable JTA platform integration)
2025-10-05T21:07:17.648-05:00  INFO 21672 --- [examenuni1_rodriguez] [main] j.LocalContainerEntityManagerFactoryBean : Initialized JPA EntityManagerFactory for persistence unit 'default'
2025-10-05T21:07:19.233-05:00  INFO 21672 --- [examenuni1_rodriguez] [main] o.s.b.w.embedded.tomcat.TomcatWebServer  : Tomcat started on port 9090 (http) with context path '/'
2025-10-05T21:07:19.248-05:00  INFO 21672 --- [examenuni1_rodriguez] [main] c.e.e.Examenuni1RodriguezApplication     : Started Examenuni1RodriguezApplication in 11.795 seconds (process running for 12.988)
2025-10-05T21:07:26.181-05:00  INFO 21672 --- [examenuni1_rodriguez] [http-nio-9090-exec-1] o.a.c.c.C.[Tomcat].[localhost].[/]       : Initializing Spring DispatcherServlet 'dispatcherServlet'
2025-10-05T21:07:26.181-05:00  INFO 21672 --- [examenuni1_rodriguez] [http-nio-9090-exec-1] o.s.web.servlet.DispatcherServlet        : Initializing Servlet 'dispatcherServlet'
2025-10-05T21:07:26.184-05:00  INFO 21672 --- [examenuni1_rodriguez] [http-nio-9090-exec-1] o.s.web.servlet.DispatcherServlet        : Completed initialization in 2 ms
